<?xml version="1.0" encoding="UTF-8"?>
<!-- Generated by org.testng.reporters.JUnitReportReporter -->
<testsuite hostname="DESKTOP-P90V53U" failures="0" tests="4" name="com.salesforce.automation.AutomationScripts_Accnts" time="100.595" errors="0" timestamp="2024-02-19T20:07:20 PST" skipped="1">
  <testcase classname="com.salesforce.automation.AutomationScripts_Accnts" name="TC11_Createnewview" time="26.184"/>
  <system-out/>
  <testcase classname="com.salesforce.automation.AutomationScripts_Accnts" name="TC10b_CreateAccount" time="38.947"/>
  <system-out/>
  <testcase classname="com.salesforce.automation.AutomationScripts_Accnts" name="TC12_Editview" time="35.464"/>
  <system-out/>
  <testcase classname="com.salesforce.automation.AutomationScripts_Accnts" name="TC14_accntReport">
    <skipped/>
  </testcase> <!-- TC14_accntReport -->
  <system-out/>
</testsuite> <!-- com.salesforce.automation.AutomationScripts_Accnts -->
