<?xml version="1.0" encoding="UTF-8"?>
<!-- Generated by org.testng.reporters.JUnitReportReporter -->
<testsuite hostname="DESKTOP-P90V53U" failures="0" tests="1" name="com.testng.day1.TestClass1" time="0.010" errors="0" timestamp="9 Feb 2024 17:44:41 GMT">
  <testcase classname="com.testng.day1.TestClass1" name="login" time="0.010"/>
</testsuite> <!-- com.testng.day1.TestClass1 -->
