<?xml version="1.0" encoding="UTF-8"?>
<!-- Generated by org.testng.reporters.JUnitReportReporter -->
<testsuite hostname="DESKTOP-P90V53U" failures="0" tests="5" name="com.salesforce.automation.AutomationScripts_Menubar" time="171.056" errors="0" timestamp="2024-02-19T20:07:20 PST" skipped="1">
  <testcase classname="com.salesforce.automation.AutomationScripts_Menubar" name="menuDropDown_TC05" time="26.595"/>
  <system-out/>
  <testcase classname="com.salesforce.automation.AutomationScripts_Menubar" name="menuDropDown_TC08" time="23.212"/>
  <system-out/>
  <testcase classname="com.salesforce.automation.AutomationScripts_Menubar" name="menuDropDown_TC09" time="17.858"/>
  <system-out/>
  <testcase classname="com.salesforce.automation.AutomationScripts_Menubar" name="menuDropDown_TC06" time="103.391"/>
  <system-out/>
  <testcase classname="com.salesforce.automation.AutomationScripts_Menubar" name="menuDropDown_TC07">
    <skipped/>
  </testcase> <!-- menuDropDown_TC07 -->
  <system-out/>
</testsuite> <!-- com.salesforce.automation.AutomationScripts_Menubar -->
