<?xml version="1.0" encoding="UTF-8"?>
<!-- Generated by org.testng.reporters.JUnitReportReporter -->
<testsuite hostname="DESKTOP-P90V53U" failures="0" tests="5" name="com.salesforce.automation.AutomationScripts_Leads" time="162.444" errors="0" timestamp="2024-02-19T20:07:20 PST" skipped="0">
  <testcase classname="com.salesforce.automation.AutomationScripts_Leads" name="TC21_leadsSelectView" time="26.316"/>
  <system-out/>
  <testcase classname="com.salesforce.automation.AutomationScripts_Leads" name="TC24" time="35.977"/>
  <system-out/>
  <testcase classname="com.salesforce.automation.AutomationScripts_Leads" name="TC22_defaultView" time="46.040"/>
  <system-out/>
  <testcase classname="com.salesforce.automation.AutomationScripts_Leads" name="TC20_leadsTab" time="28.153"/>
  <system-out/>
  <testcase classname="com.salesforce.automation.AutomationScripts_Leads" name="TC23" time="25.958"/>
  <system-out/>
</testsuite> <!-- com.salesforce.automation.AutomationScripts_Leads -->
