<?xml version="1.0" encoding="UTF-8"?>
<!-- Generated by org.testng.reporters.JUnitReportReporter -->
<testsuite hostname="DESKTOP-P90V53U" failures="0" tests="5" name="com.salesforce.automation.AutomationScripts_Random" time="222.731" errors="0" timestamp="2024-02-19T20:07:20 PST" skipped="0">
  <testcase classname="com.salesforce.automation.AutomationScripts_Random" name="Random_TC35" time="49.196"/>
  <system-out/>
  <testcase classname="com.salesforce.automation.AutomationScripts_Random" name="Random_TC34" time="44.075"/>
  <system-out/>
  <testcase classname="com.salesforce.automation.AutomationScripts_Random" name="Random_TC36" time="47.999"/>
  <system-out/>
  <testcase classname="com.salesforce.automation.AutomationScripts_Random" name="Random_TC33" time="25.261"/>
  <system-out/>
  <testcase classname="com.salesforce.automation.AutomationScripts_Random" name="Random_TC37" time="56.200"/>
  <system-out/>
</testsuite> <!-- com.salesforce.automation.AutomationScripts_Random -->
