<?xml version="1.0" encoding="UTF-8"?>
<!-- Generated by org.testng.reporters.JUnitReportReporter -->
<testsuite hostname="DESKTOP-P90V53U" failures="0" tests="3" name="com.testng.day1.TestNgTestTwo" time="0.024" errors="0" timestamp="9 Feb 2024 17:44:41 GMT">
  <testcase classname="com.testng.day1.TestNgTestTwo" name="testscript_1" time="0.006"/>
  <testcase classname="com.testng.day1.TestNgTestTwo" name="testscript_3" time="0.005"/>
  <testcase classname="com.testng.day1.TestNgTestTwo" name="testscript_2" time="0.013"/>
</testsuite> <!-- com.testng.day1.TestNgTestTwo -->
