<?xml version="1.0" encoding="UTF-8"?>
<!-- Generated by org.testng.reporters.JUnitReportReporter -->
<testsuite hostname="DESKTOP-P90V53U" failures="0" tests="3" name="com.testng.day1.TestNgTestOne" time="0.020" errors="0" timestamp="9 Feb 2024 17:44:41 GMT">
  <testcase classname="com.testng.day1.TestNgTestOne" name="testscript_3" time="0.012"/>
  <testcase classname="com.testng.day1.TestNgTestOne" name="testscript_1" time="0.004"/>
  <testcase classname="com.testng.day1.TestNgTestOne" name="testscript_2" time="0.004"/>
</testsuite> <!-- com.testng.day1.TestNgTestOne -->
