<?xml version="1.0" encoding="UTF-8"?>
<!-- Generated by org.testng.reporters.JUnitReportReporter -->
<testsuite hostname="DESKTOP-P90V53U" failures="0" tests="5" name="com.tekarch.Day9.DataproviderTest" time="0.012" errors="0" timestamp="15 Feb 2024 07:37:11 GMT">
  <testcase classname="com.tekarch.Day9.DataproviderTest" name="printDetails" time="0.009"/>
  <testcase classname="com.tekarch.Day9.DataproviderTest" name="printDetails" time="0.001"/>
  <testcase classname="com.tekarch.Day9.DataproviderTest" name="printDetails" time="0.000"/>
  <testcase classname="com.tekarch.Day9.DataproviderTest" name="printDetails" time="0.001"/>
  <testcase classname="com.tekarch.Day9.DataproviderTest" name="printDetails" time="0.001"/>
</testsuite> <!-- com.tekarch.Day9.DataproviderTest -->
