<?xml version="1.0" encoding="UTF-8"?>
<!-- Generated by org.testng.reporters.JUnitReportReporter -->
<testsuite hostname="DESKTOP-P90V53U" failures="0" tests="6" name="com.salesforce.automation.AutomationScripts_Opty" time="176.089" errors="0" timestamp="2024-02-19T20:07:20 PST" skipped="0">
  <testcase classname="com.salesforce.automation.AutomationScripts_Opty" name="createNewOpty_TC16" time="50.406"/>
  <system-out/>
  <testcase classname="com.salesforce.automation.AutomationScripts_Opty" name="selectDateDynmc" time="32.463"/>
  <system-out/>
  <testcase classname="com.salesforce.automation.AutomationScripts_Opty" name="optyPipelineReport_TC17" time="20.783"/>
  <system-out/>
  <testcase classname="com.salesforce.automation.AutomationScripts_Opty" name="stuckOptyReport_TC18" time="25.274"/>
  <system-out/>
  <testcase classname="com.salesforce.automation.AutomationScripts_Opty" name="optyDropDown_TC15" time="20.546"/>
  <system-out/>
  <testcase classname="com.salesforce.automation.AutomationScripts_Opty" name="qtrlySummRprt_TC19" time="26.617"/>
  <system-out/>
</testsuite> <!-- com.salesforce.automation.AutomationScripts_Opty -->
