<?xml version="1.0" encoding="UTF-8"?>
<!-- Generated by org.testng.reporters.JUnitReportReporter -->
<testsuite hostname="DESKTOP-P90V53U" failures="0" tests="8" name="com.salesforce.automation.AutomationScripts_Contacts" time="197.859" errors="0" timestamp="2024-02-19T20:07:20 PST" skipped="0">
  <testcase classname="com.salesforce.automation.AutomationScripts_Contacts" name="contacts_TC25" time="29.350"/>
  <system-out/>
  <testcase classname="com.salesforce.automation.AutomationScripts_Contacts" name="contacts_TC28" time="17.238"/>
  <system-out/>
  <testcase classname="com.salesforce.automation.AutomationScripts_Contacts" name="contacts_TC32" time="29.225"/>
  <system-out/>
  <testcase classname="com.salesforce.automation.AutomationScripts_Contacts" name="contacts_TC29" time="20.326"/>
  <system-out/>
  <testcase classname="com.salesforce.automation.AutomationScripts_Contacts" name="contacts_TC31" time="30.749"/>
  <system-out/>
  <testcase classname="com.salesforce.automation.AutomationScripts_Contacts" name="contacts_TC30" time="25.806"/>
  <system-out/>
  <testcase classname="com.salesforce.automation.AutomationScripts_Contacts" name="contacts_TC26" time="27.536"/>
  <system-out/>
  <testcase classname="com.salesforce.automation.AutomationScripts_Contacts" name="contacts_TC27" time="17.629"/>
  <system-out/>
</testsuite> <!-- com.salesforce.automation.AutomationScripts_Contacts -->
