<?xml version="1.0" encoding="UTF-8"?>
<!-- Generated by org.testng.reporters.JUnitReportReporter -->
<testsuite hostname="DESKTOP-P90V53U" failures="0" tests="4" name="com.salesforce.automation.AutomationScripts_Accnts" time="108.653" errors="0" timestamp="2024-02-20T02:37:02 PST" skipped="1">
  <testcase classname="com.salesforce.automation.AutomationScripts_Accnts" name="TC10b_CreateAccount" time="43.908"/>
  <system-out/>
  <testcase classname="com.salesforce.automation.AutomationScripts_Accnts" name="TC11_Createnewview" time="27.619"/>
  <system-out/>
  <testcase classname="com.salesforce.automation.AutomationScripts_Accnts" name="TC12_Editview" time="37.126"/>
  <system-out/>
  <testcase classname="com.salesforce.automation.AutomationScripts_Accnts" name="TC14_accntReport">
    <skipped/>
  </testcase> <!-- TC14_accntReport -->
  <system-out/>
</testsuite> <!-- com.salesforce.automation.AutomationScripts_Accnts -->
